<?xml version="1.0" encoding="UTF-8"?>
<TestRun id="2ff9db9c-54e0-4c63-8b39-35e87a4a0844" name="Andy@ANDY-PC 2012-06-18 19:10:05" runUser="Andy-PC\Andy" xmlns="http://microsoft.com/schemas/VisualStudio/TeamTest/2010">
  <TestSettings name="Lokal" id="1e8110a4-fe86-41b2-aba8-127e0f01dea9">
    <Description>Dies sind die standardmäßigen Testeinstellungen für einen lokalen Testlauf.</Description>
    <Deployment enabled="false" runDeploymentRoot="Andy_ANDY-PC 2012-06-18 19_10_05">
      <DeploymentItem filename="E:\Git\Schule\GeldVerleih\Geldverleih\Geldverleih.Service\bin\Debug\Geldverleih.Service.dll" />
      <DeploymentItem filename="E:\Git\Schule\GeldVerleih\Geldverleih\Geldverleih\bin\Debug\Geldverleih.Repository.dll" />
      <DeploymentItem filename="E:\Git\Schule\GeldVerleih\Geldverleih\Geldverleih.Domain\bin\Debug\Geldverleih.Domain.dll" />
      <DeploymentItem filename="E:\Git\Schule\GeldVerleih\Geldverleih\packages\RhinoMocks.3.6.1\lib\net\Rhino.Mocks.dll" />
    </Deployment>
    <Execution>
      <TestTypeSpecific />
      <AgentRule name="Execution Agents">
      </AgentRule>
    </Execution>
  </TestSettings>
  <Times creation="2012-06-18T19:10:05.9018418+02:00" queuing="2012-06-18T19:10:05.9088422+02:00" start="2012-06-18T19:10:05.9158426+02:00" finish="2012-06-18T19:10:06.6468750+02:00" />
  <ResultSummary outcome="Failed">
    <Counters total="1" executed="1" error="0" failed="1" timeout="0" aborted="0" inconclusive="0" passedButRunAborted="0" notRunnable="0" notExecuted="0" disconnected="0" warning="0" passed="0" completed="0" inProgress="0" pending="0" />
  </ResultSummary>
  <TestDefinitions>
    <UnitTest name="AusleihvorgangWirdInsRepositoryGeschrieben" storage="e:\git\schule\geldverleih\geldverleih\geldverleih.tests\bin\debug\geldverleih.tests.dll" id="2c96dbd8-c26f-b555-2b6e-9317cd39ec32">
      <Execution id="7987a525-0c97-4969-ad76-992afb0c45ec" />
      <TestMethod codeBase="E:/Git/Schule/GeldVerleih/Geldverleih/Geldverleih.Tests/bin/Debug/Geldverleih.Tests.DLL" adapterTypeName="Microsoft.VisualStudio.TestTools.TestTypes.Unit.UnitTestAdapter, Microsoft.VisualStudio.QualityTools.Tips.UnitTest.Adapter, Version=10.0.0.0, Culture=neutral, PublicKeyToken=b03f5f7f11d50a3a" className="Geldverleih.Tests.BankserviceTest, Geldverleih.Tests, Version=1.0.0.0, Culture=neutral, PublicKeyToken=null" name="AusleihvorgangWirdInsRepositoryGeschrieben" />
    </UnitTest>
  </TestDefinitions>
  <TestLists>
    <TestList name="Nicht in einer Liste enthaltene Ergebnisse" id="8c84fa94-04c1-424b-9868-57a2d4851a1d" />
    <TestList name="Alle geladenen Ergebnisse" id="19431567-8539-422a-85d7-44ee4e166bda" />
  </TestLists>
  <TestEntries>
    <TestEntry testId="2c96dbd8-c26f-b555-2b6e-9317cd39ec32" executionId="7987a525-0c97-4969-ad76-992afb0c45ec" testListId="8c84fa94-04c1-424b-9868-57a2d4851a1d" />
  </TestEntries>
  <Results>
    <UnitTestResult executionId="7987a525-0c97-4969-ad76-992afb0c45ec" testId="2c96dbd8-c26f-b555-2b6e-9317cd39ec32" testName="AusleihvorgangWirdInsRepositoryGeschrieben" computerName="ANDY-PC" duration="00:00:00.4802412" startTime="2012-06-18T19:10:05.9188428+02:00" endTime="2012-06-18T19:10:06.6168749+02:00" testType="13cdc9d9-ddb5-4fa4-a97d-d965ccfc6d4b" outcome="Failed" testListId="8c84fa94-04c1-424b-9868-57a2d4851a1d" relativeResultsDirectory="7987a525-0c97-4969-ad76-992afb0c45ec">
      <Output>
        <ErrorInfo>
          <Message>Die Geldverleih.Tests.BankserviceTest.AusleihvorgangWirdInsRepositoryGeschrieben-Testmethode hat eine Ausnahme ausgelöst: System.ArgumentException: Constructor arguments should not be supplied when mocking an interface
Parametername: argumentsForConstructor</Message>
          <StackTrace>    bei Rhino.Mocks.MockRepository.CreateMockObject(Type type, CreateMockState factory, Type[] extras, Object[] argumentsForConstructor)
   bei Rhino.Mocks.MockRepository.StrictMock[T](Object[] argumentsForConstructor)
   bei Geldverleih.Tests.BankserviceTest.AusleihvorgangWirdInsRepositoryGeschrieben() in E:\Git\Schule\GeldVerleih\Geldverleih\Geldverleih.Tests\BankserviceTest.cs:Zeile 35.
</StackTrace>
        </ErrorInfo>
      </Output>
    </UnitTestResult>
  </Results>
</TestRun>