<?xml version="1.0" encoding="UTF-8"?>
<TestRun id="9bb61622-dee1-448c-8303-e4aed08f9500" name="Andy@ANDY-PC 2012-06-19 08:17:11" runUser="Andy-PC\Andy" xmlns="http://microsoft.com/schemas/VisualStudio/TeamTest/2010">
  <TestSettings name="Lokal" id="1e8110a4-fe86-41b2-aba8-127e0f01dea9">
    <Description>Dies sind die standardmäßigen Testeinstellungen für einen lokalen Testlauf.</Description>
    <Deployment enabled="false" runDeploymentRoot="Andy_ANDY-PC 2012-06-19 08_17_11">
      <DeploymentItem filename="E:\Git\Schule\GeldVerleih\Geldverleih\Geldverleih.Service\bin\Debug\Geldverleih.Service.dll" />
      <DeploymentItem filename="E:\Git\Schule\GeldVerleih\Geldverleih\Geldverleih\bin\Debug\Geldverleih.Repository.dll" />
      <DeploymentItem filename="E:\Git\Schule\GeldVerleih\Geldverleih\Geldverleih.Domain\bin\Debug\Geldverleih.Domain.dll" />
      <DeploymentItem filename="E:\Git\Schule\GeldVerleih\Geldverleih\packages\RhinoMocks.3.6.1\lib\net\Rhino.Mocks.dll" />
    </Deployment>
    <Execution>
      <TestTypeSpecific />
      <AgentRule name="Execution Agents">
      </AgentRule>
    </Execution>
  </TestSettings>
  <Times creation="2012-06-19T08:17:11.5498932+02:00" queuing="2012-06-19T08:17:12.6559565+02:00" start="2012-06-19T08:17:12.7319608+02:00" finish="2012-06-19T08:17:13.4119997+02:00" />
  <ResultSummary outcome="Completed">
    <Counters total="3" executed="3" passed="3" error="0" failed="0" timeout="0" aborted="0" inconclusive="0" passedButRunAborted="0" notRunnable="0" notExecuted="0" disconnected="0" warning="0" completed="0" inProgress="0" pending="0" />
  </ResultSummary>
  <TestDefinitions>
    <UnitTest name="BankserviceKannErstelltWerden" storage="e:\git\schule\geldverleih\geldverleih\geldverleih.tests\bin\debug\geldverleih.tests.dll" id="e35f944c-e4b6-be64-e3db-85bdd09946ba">
      <Execution id="bb29bd97-305f-4d3b-a8f3-77be3bd870e4" />
      <TestMethod codeBase="E:/Git/Schule/GeldVerleih/Geldverleih/Geldverleih.Tests/bin/Debug/Geldverleih.Tests.DLL" adapterTypeName="Microsoft.VisualStudio.TestTools.TestTypes.Unit.UnitTestAdapter, Microsoft.VisualStudio.QualityTools.Tips.UnitTest.Adapter, Version=10.0.0.0, Culture=neutral, PublicKeyToken=b03f5f7f11d50a3a" className="Geldverleih.Tests.BankserviceTest, Geldverleih.Tests, Version=1.0.0.0, Culture=neutral, PublicKeyToken=null" name="BankserviceKannErstelltWerden" />
    </UnitTest>
    <UnitTest name="RueckgabeWirdInsRepositoryGeschrieben" storage="e:\git\schule\geldverleih\geldverleih\geldverleih.tests\bin\debug\geldverleih.tests.dll" id="68db84d8-8645-e225-dbf9-647bd947b8c1">
      <Execution id="859a30cc-67bb-44b7-b7f4-ed4ef58d8710" />
      <TestMethod codeBase="E:/Git/Schule/GeldVerleih/Geldverleih/Geldverleih.Tests/bin/Debug/Geldverleih.Tests.DLL" adapterTypeName="Microsoft.VisualStudio.TestTools.TestTypes.Unit.UnitTestAdapter, Microsoft.VisualStudio.QualityTools.Tips.UnitTest.Adapter, Version=10.0.0.0, Culture=neutral, PublicKeyToken=b03f5f7f11d50a3a" className="Geldverleih.Tests.BankserviceTest, Geldverleih.Tests, Version=1.0.0.0, Culture=neutral, PublicKeyToken=null" name="RueckgabeWirdInsRepositoryGeschrieben" />
    </UnitTest>
    <UnitTest name="AusleihvorgangWirdInsRepositoryGeschrieben" storage="e:\git\schule\geldverleih\geldverleih\geldverleih.tests\bin\debug\geldverleih.tests.dll" id="2c96dbd8-c26f-b555-2b6e-9317cd39ec32">
      <Execution id="315f9ed0-2d93-431b-ae99-3f95581b30d7" />
      <TestMethod codeBase="E:/Git/Schule/GeldVerleih/Geldverleih/Geldverleih.Tests/bin/Debug/Geldverleih.Tests.DLL" adapterTypeName="Microsoft.VisualStudio.TestTools.TestTypes.Unit.UnitTestAdapter, Microsoft.VisualStudio.QualityTools.Tips.UnitTest.Adapter, Version=10.0.0.0, Culture=neutral, PublicKeyToken=b03f5f7f11d50a3a" className="Geldverleih.Tests.BankserviceTest, Geldverleih.Tests, Version=1.0.0.0, Culture=neutral, PublicKeyToken=null" name="AusleihvorgangWirdInsRepositoryGeschrieben" />
    </UnitTest>
  </TestDefinitions>
  <TestLists>
    <TestList name="Nicht in einer Liste enthaltene Ergebnisse" id="8c84fa94-04c1-424b-9868-57a2d4851a1d" />
    <TestList name="Alle geladenen Ergebnisse" id="19431567-8539-422a-85d7-44ee4e166bda" />
  </TestLists>
  <TestEntries>
    <TestEntry testId="2c96dbd8-c26f-b555-2b6e-9317cd39ec32" executionId="315f9ed0-2d93-431b-ae99-3f95581b30d7" testListId="8c84fa94-04c1-424b-9868-57a2d4851a1d" />
    <TestEntry testId="68db84d8-8645-e225-dbf9-647bd947b8c1" executionId="859a30cc-67bb-44b7-b7f4-ed4ef58d8710" testListId="8c84fa94-04c1-424b-9868-57a2d4851a1d" />
    <TestEntry testId="e35f944c-e4b6-be64-e3db-85bdd09946ba" executionId="bb29bd97-305f-4d3b-a8f3-77be3bd870e4" testListId="8c84fa94-04c1-424b-9868-57a2d4851a1d" />
  </TestEntries>
  <Results>
    <UnitTestResult executionId="315f9ed0-2d93-431b-ae99-3f95581b30d7" testId="2c96dbd8-c26f-b555-2b6e-9317cd39ec32" testName="AusleihvorgangWirdInsRepositoryGeschrieben" computerName="ANDY-PC" duration="00:00:00.2216685" startTime="2012-06-19T08:17:12.7539621+02:00" endTime="2012-06-19T08:17:13.2979932+02:00" testType="13cdc9d9-ddb5-4fa4-a97d-d965ccfc6d4b" outcome="Passed" testListId="8c84fa94-04c1-424b-9868-57a2d4851a1d" relativeResultsDirectory="315f9ed0-2d93-431b-ae99-3f95581b30d7">
    </UnitTestResult>
    <UnitTestResult executionId="859a30cc-67bb-44b7-b7f4-ed4ef58d8710" testId="68db84d8-8645-e225-dbf9-647bd947b8c1" testName="RueckgabeWirdInsRepositoryGeschrieben" computerName="ANDY-PC" duration="00:00:00.0057670" startTime="2012-06-19T08:17:13.3019934+02:00" endTime="2012-06-19T08:17:13.3169943+02:00" testType="13cdc9d9-ddb5-4fa4-a97d-d965ccfc6d4b" outcome="Passed" testListId="8c84fa94-04c1-424b-9868-57a2d4851a1d" relativeResultsDirectory="859a30cc-67bb-44b7-b7f4-ed4ef58d8710">
    </UnitTestResult>
    <UnitTestResult executionId="bb29bd97-305f-4d3b-a8f3-77be3bd870e4" testId="e35f944c-e4b6-be64-e3db-85bdd09946ba" testName="BankserviceKannErstelltWerden" computerName="ANDY-PC" duration="00:00:00.0017013" startTime="2012-06-19T08:17:13.3189944+02:00" endTime="2012-06-19T08:17:13.3369954+02:00" testType="13cdc9d9-ddb5-4fa4-a97d-d965ccfc6d4b" outcome="Passed" testListId="8c84fa94-04c1-424b-9868-57a2d4851a1d" relativeResultsDirectory="bb29bd97-305f-4d3b-a8f3-77be3bd870e4">
    </UnitTestResult>
  </Results>
</TestRun>