<?xml version="1.0" encoding="UTF-8"?>
<TestRun id="0485ff37-92f2-4cd3-80b8-03dbe8bb4a06" name="Andy@ANDY-PC 2012-06-22 20:38:42" runUser="Andy-PC\Andy" xmlns="http://microsoft.com/schemas/VisualStudio/TeamTest/2010">
  <TestSettings name="Lokal" id="1e8110a4-fe86-41b2-aba8-127e0f01dea9">
    <Description>Dies sind die standardmäßigen Testeinstellungen für einen lokalen Testlauf.</Description>
    <Deployment enabled="false" runDeploymentRoot="Andy_ANDY-PC 2012-06-22 20_38_42">
      <DeploymentItem filename="E:\Git\Schule\GeldVerleih\Geldverleih\packages\RhinoMocks.3.6.1\lib\net\Rhino.Mocks.dll" />
      <DeploymentItem filename="E:\Git\Schule\Geldverleih\Geldverleih\Geldverleih.Unity\bin\Debug\Geldverleih.Unity.dll" />
      <DeploymentItem filename="E:\Git\Schule\GeldVerleih\Geldverleih\Geldverleih.Tests\bin\Debug\Microsoft.Practices.Unity.dll" />
      <DeploymentItem filename="E:\Git\Schule\Geldverleih\Geldverleih\Geldverleih.UI\bin\Debug\Geldverleih.UI.exe" />
      <DeploymentItem filename="E:\Git\Schule\Geldverleih\Geldverleih\Geldverleih.UI.Logik\bin\Debug\Geldverleih.UI.Logik.dll" />
      <DeploymentItem filename="E:\Git\Schule\Geldverleih\Geldverleih\Geldverleih.Service\bin\Debug\Geldverleih.Service.dll" />
      <DeploymentItem filename="E:\Git\Schule\Geldverleih\Geldverleih\Geldverleih\bin\Debug\Geldverleih.Repository.dll" />
      <DeploymentItem filename="E:\Git\Schule\Geldverleih\Geldverleih\Geldverleih.Domain\bin\Debug\Geldverleih.Domain.dll" />
    </Deployment>
    <Execution>
      <TestTypeSpecific />
      <AgentRule name="Execution Agents">
      </AgentRule>
    </Execution>
  </TestSettings>
  <Times creation="2012-06-22T20:38:42.3143679+02:00" queuing="2012-06-22T20:38:45.0025217+02:00" start="2012-06-22T20:38:45.0365236+02:00" finish="2012-06-22T20:38:45.5625537+02:00" />
  <ResultSummary outcome="Failed">
    <Counters total="1" executed="1" error="0" failed="1" timeout="0" aborted="0" inconclusive="0" passedButRunAborted="0" notRunnable="0" notExecuted="0" disconnected="0" warning="0" passed="0" completed="0" inProgress="0" pending="0" />
  </ResultSummary>
  <TestDefinitions>
    <UnitTest name="RueckgabeWirdInsRepositoryGeschrieben" storage="e:\git\schule\geldverleih\geldverleih\geldverleih.tests\bin\debug\geldverleih.tests.dll" id="68db84d8-8645-e225-dbf9-647bd947b8c1">
      <Execution id="29a39777-4c2d-4d90-bf5f-4e22395014b8" />
      <TestMethod codeBase="E:/Git/Schule/GeldVerleih/Geldverleih/Geldverleih.Tests/bin/Debug/Geldverleih.Tests.DLL" adapterTypeName="Microsoft.VisualStudio.TestTools.TestTypes.Unit.UnitTestAdapter, Microsoft.VisualStudio.QualityTools.Tips.UnitTest.Adapter, Version=10.0.0.0, Culture=neutral, PublicKeyToken=b03f5f7f11d50a3a" className="Geldverleih.Tests.BankserviceTest, Geldverleih.Tests, Version=1.0.0.0, Culture=neutral, PublicKeyToken=null" name="RueckgabeWirdInsRepositoryGeschrieben" />
    </UnitTest>
  </TestDefinitions>
  <TestLists>
    <TestList name="Nicht in einer Liste enthaltene Ergebnisse" id="8c84fa94-04c1-424b-9868-57a2d4851a1d" />
    <TestList name="Alle geladenen Ergebnisse" id="19431567-8539-422a-85d7-44ee4e166bda" />
  </TestLists>
  <TestEntries>
    <TestEntry testId="68db84d8-8645-e225-dbf9-647bd947b8c1" executionId="29a39777-4c2d-4d90-bf5f-4e22395014b8" testListId="8c84fa94-04c1-424b-9868-57a2d4851a1d" />
  </TestEntries>
  <Results>
    <UnitTestResult executionId="29a39777-4c2d-4d90-bf5f-4e22395014b8" testId="68db84d8-8645-e225-dbf9-647bd947b8c1" testName="RueckgabeWirdInsRepositoryGeschrieben" computerName="ANDY-PC" duration="00:00:00.2851624" startTime="2012-06-22T20:38:45.0395238+02:00" endTime="2012-06-22T20:38:45.5455528+02:00" testType="13cdc9d9-ddb5-4fa4-a97d-d965ccfc6d4b" outcome="Failed" testListId="8c84fa94-04c1-424b-9868-57a2d4851a1d" relativeResultsDirectory="29a39777-4c2d-4d90-bf5f-4e22395014b8">
      <Output>
        <ErrorInfo>
          <Message>Die Geldverleih.Tests.BankserviceTest.RueckgabeWirdInsRepositoryGeschrieben-Testmethode hat eine Ausnahme ausgelöst: Rhino.Mocks.Exceptions.ExpectationViolationException: IRueckzahlReppository.KundeZahltGeldEin(Geldverleih.Domain.RueckzahlVorgang); Expected #0, Actual #1.</Message>
          <StackTrace>    bei Rhino.Mocks.MethodRecorders.UnorderedMethodRecorder.DoGetRecordedExpectation(IInvocation invocation, Object proxy, MethodInfo method, Object[] args)
   bei Rhino.Mocks.MethodRecorders.MethodRecorderBase.GetRecordedExpectation(IInvocation invocation, Object proxy, MethodInfo method, Object[] args)
   bei Rhino.Mocks.Impl.ReplayMockState.DoMethodCall(IInvocation invocation, MethodInfo method, Object[] args)
   bei Rhino.Mocks.Impl.ReplayMockState.MethodCall(IInvocation invocation, MethodInfo method, Object[] args)
   bei Rhino.Mocks.MockRepository.MethodCall(IInvocation invocation, Object proxy, MethodInfo method, Object[] args)
   bei Rhino.Mocks.Impl.Invocation.Actions.RegularInvocation.PerformAgainst(IInvocation invocation)
   bei Rhino.Mocks.Impl.RhinoInterceptor.Intercept(IInvocation invocation)
   bei Castle.DynamicProxy.AbstractInvocation.Proceed()
   bei Castle.Proxies.IRueckzahlReppositoryProxybe1ee5abe4c54a9c92c338839fbb35a7.IRueckzahlReppository.KundeZahltGeldEin(RueckzahlVorgang rueckzahlVorgang)
   bei Geldverleih.Service.BankService.GeldEinzahlen(Guid vorgangsNummer, Decimal betrag) in E:\Git\Schule\Geldverleih\Geldverleih\Geldverleih.Service\BankService.cs:Zeile 37.
   bei Geldverleih.Tests.BankserviceTest.RueckgabeWirdInsRepositoryGeschrieben() in E:\Git\Schule\GeldVerleih\Geldverleih\Geldverleih.Tests\BankserviceTest.cs:Zeile 82.
</StackTrace>
        </ErrorInfo>
      </Output>
    </UnitTestResult>
  </Results>
</TestRun>