<?xml version="1.0" encoding="UTF-8"?>
<TestRun id="08daca33-1cd9-47c4-bd77-516e578f38e7" name="Andy@ANDY-PC 2012-06-25 19:54:44" runUser="Andy-PC\Andy" xmlns="http://microsoft.com/schemas/VisualStudio/TeamTest/2010">
  <TestSettings name="Lokal" id="1e8110a4-fe86-41b2-aba8-127e0f01dea9">
    <Description>Dies sind die standardmäßigen Testeinstellungen für einen lokalen Testlauf.</Description>
    <Deployment enabled="false" runDeploymentRoot="Andy_ANDY-PC 2012-06-25 19_54_44">
      <DeploymentItem filename="E:\Git\Schule\GeldVerleih\Geldverleih\packages\RhinoMocks.3.6.1\lib\net\Rhino.Mocks.dll" />
      <DeploymentItem filename="E:\Git\Schule\GeldVerleih\Geldverleih\Geldverleih\bin\Debug\Geldverleih.Repository.dll" />
      <DeploymentItem filename="E:\Git\Schule\GeldVerleih\Geldverleih\Geldverleih.Tests\bin\Debug\Microsoft.Practices.Unity.dll" />
      <DeploymentItem filename="E:\Git\Schule\GeldVerleih\Geldverleih\Geldverleih.Domain\bin\Debug\Geldverleih.Domain.dll" />
      <DeploymentItem filename="E:\Git\Schule\GeldVerleih\Geldverleih\Geldverleih.Service\bin\Debug\Geldverleih.Service.dll" />
      <DeploymentItem filename="E:\Git\Schule\GeldVerleih\Geldverleih\Geldverleih.UI\bin\Debug\Geldverleih.UI.exe" />
      <DeploymentItem filename="E:\Git\Schule\GeldVerleih\Geldverleih\Geldverleih.UI.Logik\bin\Debug\Geldverleih.UI.Logik.dll" />
      <DeploymentItem filename="E:\Git\Schule\GeldVerleih\Geldverleih\Geldverleih.Unity\bin\Debug\Geldverleih.Unity.dll" />
    </Deployment>
    <Execution>
      <TestTypeSpecific />
      <AgentRule name="Execution Agents">
      </AgentRule>
    </Execution>
  </TestSettings>
  <Times creation="2012-06-25T19:54:44.4541098+02:00" queuing="2012-06-25T19:54:46.1422063+02:00" start="2012-06-25T19:54:46.2632132+02:00" finish="2012-06-25T19:54:47.5232853+02:00" />
  <ResultSummary outcome="Failed">
    <Counters total="1" executed="1" error="0" failed="1" timeout="0" aborted="0" inconclusive="0" passedButRunAborted="0" notRunnable="0" notExecuted="0" disconnected="0" warning="0" passed="0" completed="0" inProgress="0" pending="0" />
  </ResultSummary>
  <TestDefinitions>
    <UnitTest name="AusleihvorgangWirdInsRepositoryGeschrieben" storage="e:\git\schule\geldverleih\geldverleih\geldverleih.tests\bin\debug\geldverleih.tests.dll" id="2c96dbd8-c26f-b555-2b6e-9317cd39ec32">
      <Execution id="23b5c058-6a86-4cf3-9b80-29cf8390af4e" />
      <TestMethod codeBase="E:/Git/Schule/GeldVerleih/Geldverleih/Geldverleih.Tests/bin/Debug/Geldverleih.Tests.DLL" adapterTypeName="Microsoft.VisualStudio.TestTools.TestTypes.Unit.UnitTestAdapter, Microsoft.VisualStudio.QualityTools.Tips.UnitTest.Adapter, Version=10.0.0.0, Culture=neutral, PublicKeyToken=b03f5f7f11d50a3a" className="Geldverleih.Tests.BankserviceTest, Geldverleih.Tests, Version=1.0.0.0, Culture=neutral, PublicKeyToken=null" name="AusleihvorgangWirdInsRepositoryGeschrieben" />
    </UnitTest>
  </TestDefinitions>
  <TestLists>
    <TestList name="Nicht in einer Liste enthaltene Ergebnisse" id="8c84fa94-04c1-424b-9868-57a2d4851a1d" />
    <TestList name="Alle geladenen Ergebnisse" id="19431567-8539-422a-85d7-44ee4e166bda" />
  </TestLists>
  <TestEntries>
    <TestEntry testId="2c96dbd8-c26f-b555-2b6e-9317cd39ec32" executionId="23b5c058-6a86-4cf3-9b80-29cf8390af4e" testListId="8c84fa94-04c1-424b-9868-57a2d4851a1d" />
  </TestEntries>
  <Results>
    <UnitTestResult executionId="23b5c058-6a86-4cf3-9b80-29cf8390af4e" testId="2c96dbd8-c26f-b555-2b6e-9317cd39ec32" testName="AusleihvorgangWirdInsRepositoryGeschrieben" computerName="ANDY-PC" duration="00:00:00.7263442" startTime="2012-06-25T19:54:46.2952151+02:00" endTime="2012-06-25T19:54:47.4702823+02:00" testType="13cdc9d9-ddb5-4fa4-a97d-d965ccfc6d4b" outcome="Failed" testListId="8c84fa94-04c1-424b-9868-57a2d4851a1d" relativeResultsDirectory="23b5c058-6a86-4cf3-9b80-29cf8390af4e">
      <Output>
        <ErrorInfo>
          <Message>Die Geldverleih.Tests.BankserviceTest.AusleihvorgangWirdInsRepositoryGeschrieben-Testmethode hat eine Ausnahme ausgelöst: System.InvalidOperationException: Previous method 'IEnumerator.MoveNext();' requires a return value or an exception to throw.</Message>
          <StackTrace>    bei Rhino.Mocks.Impl.RecordMockState.AssertPreviousMethodIsClose()
   bei Rhino.Mocks.Impl.RecordMockState.MethodCall(IInvocation invocation, MethodInfo method, Object[] args)
   bei Rhino.Mocks.MockRepository.MethodCall(IInvocation invocation, Object proxy, MethodInfo method, Object[] args)
   bei Rhino.Mocks.Impl.Invocation.Actions.RegularInvocation.PerformAgainst(IInvocation invocation)
   bei Rhino.Mocks.Impl.RhinoInterceptor.Intercept(IInvocation invocation)
   bei Castle.DynamicProxy.AbstractInvocation.Proceed()
   bei Castle.Proxies.IEnumerator`1Proxybad35b6054be48a69d90655ec0899352.IDisposable.Dispose()
   bei System.Linq.Enumerable.Any[TSource](IEnumerable`1 source, Func`2 predicate)
   bei Geldverleih.Service.BankService.IstKundeInDerDatenbank(IList`1 alleKunden, Guid kundenNummer) in E:\Git\Schule\GeldVerleih\Geldverleih\Geldverleih.Service\BankService.cs:Zeile 72.
   bei Geldverleih.Service.BankService.KundenAufVerfuegbarkeitPruefen(Guid kundenNummer) in E:\Git\Schule\GeldVerleih\Geldverleih\Geldverleih.Service\BankService.cs:Zeile 64.
   bei Geldverleih.Service.BankService.GeldAusleihen(Guid kundenNummer, VerleihKondition verleihKondition, Decimal betrag) in E:\Git\Schule\GeldVerleih\Geldverleih\Geldverleih.Service\BankService.cs:Zeile 27.
   bei Geldverleih.Tests.BankserviceTest.&lt;&gt;c__DisplayClass4.&lt;AusleihvorgangWirdInsRepositoryGeschrieben&gt;b__0() in E:\Git\Schule\GeldVerleih\Geldverleih\Geldverleih.Tests\BankserviceTest.cs:Zeile 48.
   bei Rhino.Mocks.Expect.Call(Action actionToExecute)
   bei Geldverleih.Tests.BankserviceTest.AusleihvorgangWirdInsRepositoryGeschrieben() in E:\Git\Schule\GeldVerleih\Geldverleih\Geldverleih.Tests\BankserviceTest.cs:Zeile 48.
</StackTrace>
        </ErrorInfo>
      </Output>
    </UnitTestResult>
  </Results>
</TestRun>