<?xml version="1.0" encoding="UTF-8"?>
<TestRun id="94b5d511-2831-4fff-8cec-4fb06dbc85e5" name="Andy@ANDY-PC 2012-06-22 13:28:07" runUser="Andy-PC\Andy" xmlns="http://microsoft.com/schemas/VisualStudio/TeamTest/2010">
  <TestSettings name="Lokal" id="1e8110a4-fe86-41b2-aba8-127e0f01dea9">
    <Description>Dies sind die standardmäßigen Testeinstellungen für einen lokalen Testlauf.</Description>
    <Deployment userDeploymentRoot="E:\Git\Schule\Geldverleih\Geldverleih\TestResults" useDefaultDeploymentRoot="false" enabled="false" runDeploymentRoot="Andy_ANDY-PC 2012-06-22 13_28_07">
      <DeploymentItem filename="E:\Git\Schule\GeldVerleih\Geldverleih\Geldverleih.Service\bin\Debug\Geldverleih.Service.dll" />
      <DeploymentItem filename="E:\Git\Schule\Geldverleih\Geldverleih\Geldverleih.UI\bin\Debug\Geldverleih.UI.exe" />
      <DeploymentItem filename="E:\Git\Schule\GeldVerleih\Geldverleih\Geldverleih\bin\Debug\Geldverleih.Repository.dll" />
      <DeploymentItem filename="E:\Git\Schule\Geldverleih\Geldverleih\packages\RhinoMocks.3.6.1\lib\net\Rhino.Mocks.dll" />
      <DeploymentItem filename="E:\Git\Schule\GeldVerleih\Geldverleih\Geldverleih.Domain\bin\Debug\Geldverleih.Domain.dll" />
    </Deployment>
    <Execution>
      <TestTypeSpecific />
      <AgentRule name="Execution Agents">
      </AgentRule>
    </Execution>
  </TestSettings>
  <Times creation="2012-06-22T13:28:07.2245976+02:00" queuing="2012-06-22T13:28:08.8626005+02:00" start="2012-06-22T13:28:09.0810008+02:00" finish="2012-06-22T13:28:25.4922297+02:00" />
  <ResultSummary outcome="Error">
    <Counters total="1" executed="1" error="0" failed="0" timeout="0" aborted="1" inconclusive="0" passedButRunAborted="0" notRunnable="0" notExecuted="0" disconnected="0" warning="0" passed="0" completed="0" inProgress="0" pending="0" />
    <RunInfos>
      <RunInfo computerName="ANDY-PC" outcome="Error" timestamp="2012-06-22T13:28:25.4766296+02:00">
        <Text>Der Testhostprozess wurde unerwartet beendet.</Text>
      </RunInfo>
    </RunInfos>
  </ResultSummary>
  <TestDefinitions>
    <UnitTest name="TagesZinsenFuerZeitspanneWerdenRichtigBerechnet" storage="e:\git\schule\geldverleih\geldverleih\geldverleih.tests\bin\debug\geldverleih.tests.dll" id="911dfca9-558c-2bd5-ee24-5e2bdfecccc9">
      <Execution id="2d3337cb-1409-4e1d-8027-ba7805838252" />
      <TestMethod codeBase="E:/Git/Schule/Geldverleih/Geldverleih/Geldverleih.Tests/bin/Debug/Geldverleih.Tests.DLL" adapterTypeName="Microsoft.VisualStudio.TestTools.TestTypes.Unit.UnitTestAdapter, Microsoft.VisualStudio.QualityTools.Tips.UnitTest.Adapter, Version=10.0.0.0, Culture=neutral, PublicKeyToken=b03f5f7f11d50a3a" className="Geldverleih.Tests.TagesZinsRechnerTest, Geldverleih.Tests, Version=1.0.0.0, Culture=neutral, PublicKeyToken=null" name="TagesZinsenFuerZeitspanneWerdenRichtigBerechnet" />
    </UnitTest>
  </TestDefinitions>
  <TestLists>
    <TestList name="Nicht in einer Liste enthaltene Ergebnisse" id="8c84fa94-04c1-424b-9868-57a2d4851a1d" />
    <TestList name="Alle geladenen Ergebnisse" id="19431567-8539-422a-85d7-44ee4e166bda" />
  </TestLists>
  <TestEntries>
    <TestEntry testId="911dfca9-558c-2bd5-ee24-5e2bdfecccc9" executionId="2d3337cb-1409-4e1d-8027-ba7805838252" testListId="8c84fa94-04c1-424b-9868-57a2d4851a1d" />
  </TestEntries>
  <Results>
    <UnitTestResult executionId="2d3337cb-1409-4e1d-8027-ba7805838252" testId="911dfca9-558c-2bd5-ee24-5e2bdfecccc9" testName="TagesZinsenFuerZeitspanneWerdenRichtigBerechnet" computerName="ANDY-PC" duration="00:00:16.2240285" startTime="2012-06-22T13:28:09.2682012+02:00" endTime="2012-06-22T13:28:25.4922297+02:00" testType="13cdc9d9-ddb5-4fa4-a97d-d965ccfc6d4b" outcome="Aborted" testListId="8c84fa94-04c1-424b-9868-57a2d4851a1d" relativeResultsDirectory="2d3337cb-1409-4e1d-8027-ba7805838252">
    </UnitTestResult>
  </Results>
</TestRun>