<?xml version="1.0" encoding="UTF-8"?>
<TestRun id="1ce45ede-417c-4698-b2aa-174bd36baeca" name="Andy@ANDY-PC 2012-06-18 19:18:42" runUser="Andy-PC\Andy" xmlns="http://microsoft.com/schemas/VisualStudio/TeamTest/2010">
  <TestSettings name="Lokal" id="1e8110a4-fe86-41b2-aba8-127e0f01dea9">
    <Description>Dies sind die standardmäßigen Testeinstellungen für einen lokalen Testlauf.</Description>
    <Deployment enabled="false" runDeploymentRoot="Andy_ANDY-PC 2012-06-18 19_18_42">
      <DeploymentItem filename="E:\Git\Schule\GeldVerleih\Geldverleih\Geldverleih.Service\bin\Debug\Geldverleih.Service.dll" />
      <DeploymentItem filename="E:\Git\Schule\GeldVerleih\Geldverleih\Geldverleih\bin\Debug\Geldverleih.Repository.dll" />
      <DeploymentItem filename="E:\Git\Schule\GeldVerleih\Geldverleih\Geldverleih.Domain\bin\Debug\Geldverleih.Domain.dll" />
      <DeploymentItem filename="E:\Git\Schule\GeldVerleih\Geldverleih\packages\RhinoMocks.3.6.1\lib\net\Rhino.Mocks.dll" />
    </Deployment>
    <Execution>
      <TestTypeSpecific />
      <AgentRule name="Execution Agents">
      </AgentRule>
    </Execution>
  </TestSettings>
  <Times creation="2012-06-18T19:18:42.3334794+02:00" queuing="2012-06-18T19:18:42.3394798+02:00" start="2012-06-18T19:18:42.3914828+02:00" finish="2012-06-18T19:18:42.8445087+02:00" />
  <ResultSummary outcome="Completed">
    <Counters total="3" executed="3" passed="3" error="0" failed="0" timeout="0" aborted="0" inconclusive="0" passedButRunAborted="0" notRunnable="0" notExecuted="0" disconnected="0" warning="0" completed="0" inProgress="0" pending="0" />
  </ResultSummary>
  <TestDefinitions>
    <UnitTest name="BankserviceKannErstelltWerden" storage="e:\git\schule\geldverleih\geldverleih\geldverleih.tests\bin\debug\geldverleih.tests.dll" id="e35f944c-e4b6-be64-e3db-85bdd09946ba">
      <Execution id="bfc39f70-4663-4621-966a-2623b45904a2" />
      <TestMethod codeBase="E:/Git/Schule/GeldVerleih/Geldverleih/Geldverleih.Tests/bin/Debug/Geldverleih.Tests.DLL" adapterTypeName="Microsoft.VisualStudio.TestTools.TestTypes.Unit.UnitTestAdapter, Microsoft.VisualStudio.QualityTools.Tips.UnitTest.Adapter, Version=10.0.0.0, Culture=neutral, PublicKeyToken=b03f5f7f11d50a3a" className="Geldverleih.Tests.BankserviceTest, Geldverleih.Tests, Version=1.0.0.0, Culture=neutral, PublicKeyToken=null" name="BankserviceKannErstelltWerden" />
    </UnitTest>
    <UnitTest name="RueckgabeWirdInsRepositoryGeschrieben" storage="e:\git\schule\geldverleih\geldverleih\geldverleih.tests\bin\debug\geldverleih.tests.dll" id="68db84d8-8645-e225-dbf9-647bd947b8c1">
      <Execution id="2a0c7c91-446d-4c8f-8751-926e2fec6e5d" />
      <TestMethod codeBase="E:/Git/Schule/GeldVerleih/Geldverleih/Geldverleih.Tests/bin/Debug/Geldverleih.Tests.DLL" adapterTypeName="Microsoft.VisualStudio.TestTools.TestTypes.Unit.UnitTestAdapter, Microsoft.VisualStudio.QualityTools.Tips.UnitTest.Adapter, Version=10.0.0.0, Culture=neutral, PublicKeyToken=b03f5f7f11d50a3a" className="Geldverleih.Tests.BankserviceTest, Geldverleih.Tests, Version=1.0.0.0, Culture=neutral, PublicKeyToken=null" name="RueckgabeWirdInsRepositoryGeschrieben" />
    </UnitTest>
    <UnitTest name="AusleihvorgangWirdInsRepositoryGeschrieben" storage="e:\git\schule\geldverleih\geldverleih\geldverleih.tests\bin\debug\geldverleih.tests.dll" id="2c96dbd8-c26f-b555-2b6e-9317cd39ec32">
      <Execution id="a7c0b531-d8f0-4aae-af36-9b51a61d7bda" />
      <TestMethod codeBase="E:/Git/Schule/GeldVerleih/Geldverleih/Geldverleih.Tests/bin/Debug/Geldverleih.Tests.DLL" adapterTypeName="Microsoft.VisualStudio.TestTools.TestTypes.Unit.UnitTestAdapter, Microsoft.VisualStudio.QualityTools.Tips.UnitTest.Adapter, Version=10.0.0.0, Culture=neutral, PublicKeyToken=b03f5f7f11d50a3a" className="Geldverleih.Tests.BankserviceTest, Geldverleih.Tests, Version=1.0.0.0, Culture=neutral, PublicKeyToken=null" name="AusleihvorgangWirdInsRepositoryGeschrieben" />
    </UnitTest>
  </TestDefinitions>
  <TestLists>
    <TestList name="Nicht in einer Liste enthaltene Ergebnisse" id="8c84fa94-04c1-424b-9868-57a2d4851a1d" />
    <TestList name="Alle geladenen Ergebnisse" id="19431567-8539-422a-85d7-44ee4e166bda" />
  </TestLists>
  <TestEntries>
    <TestEntry testId="2c96dbd8-c26f-b555-2b6e-9317cd39ec32" executionId="a7c0b531-d8f0-4aae-af36-9b51a61d7bda" testListId="8c84fa94-04c1-424b-9868-57a2d4851a1d" />
    <TestEntry testId="68db84d8-8645-e225-dbf9-647bd947b8c1" executionId="2a0c7c91-446d-4c8f-8751-926e2fec6e5d" testListId="8c84fa94-04c1-424b-9868-57a2d4851a1d" />
    <TestEntry testId="e35f944c-e4b6-be64-e3db-85bdd09946ba" executionId="bfc39f70-4663-4621-966a-2623b45904a2" testListId="8c84fa94-04c1-424b-9868-57a2d4851a1d" />
  </TestEntries>
  <Results>
    <UnitTestResult executionId="a7c0b531-d8f0-4aae-af36-9b51a61d7bda" testId="2c96dbd8-c26f-b555-2b6e-9317cd39ec32" testName="AusleihvorgangWirdInsRepositoryGeschrieben" computerName="ANDY-PC" duration="00:00:00.1827560" startTime="2012-06-18T19:18:42.3964831+02:00" endTime="2012-06-18T19:18:42.8065065+02:00" testType="13cdc9d9-ddb5-4fa4-a97d-d965ccfc6d4b" outcome="Passed" testListId="8c84fa94-04c1-424b-9868-57a2d4851a1d" relativeResultsDirectory="a7c0b531-d8f0-4aae-af36-9b51a61d7bda">
    </UnitTestResult>
    <UnitTestResult executionId="2a0c7c91-446d-4c8f-8751-926e2fec6e5d" testId="68db84d8-8645-e225-dbf9-647bd947b8c1" testName="RueckgabeWirdInsRepositoryGeschrieben" computerName="ANDY-PC" duration="00:00:00.0054457" startTime="2012-06-18T19:18:42.8085066+02:00" endTime="2012-06-18T19:18:42.8195072+02:00" testType="13cdc9d9-ddb5-4fa4-a97d-d965ccfc6d4b" outcome="Passed" testListId="8c84fa94-04c1-424b-9868-57a2d4851a1d" relativeResultsDirectory="2a0c7c91-446d-4c8f-8751-926e2fec6e5d">
    </UnitTestResult>
    <UnitTestResult executionId="bfc39f70-4663-4621-966a-2623b45904a2" testId="e35f944c-e4b6-be64-e3db-85bdd09946ba" testName="BankserviceKannErstelltWerden" computerName="ANDY-PC" duration="00:00:00.0005940" startTime="2012-06-18T19:18:42.8205073+02:00" endTime="2012-06-18T19:18:42.8275077+02:00" testType="13cdc9d9-ddb5-4fa4-a97d-d965ccfc6d4b" outcome="Passed" testListId="8c84fa94-04c1-424b-9868-57a2d4851a1d" relativeResultsDirectory="bfc39f70-4663-4621-966a-2623b45904a2">
    </UnitTestResult>
  </Results>
</TestRun>