<?xml version="1.0" encoding="UTF-8"?>
<TestRun id="70391fec-7c74-4c5f-a1b3-dac5c9e27204" name="Andy@ANDY-PC 2012-06-22 20:38:31" runUser="Andy-PC\Andy" xmlns="http://microsoft.com/schemas/VisualStudio/TeamTest/2010">
  <TestSettings name="Lokal" id="1e8110a4-fe86-41b2-aba8-127e0f01dea9">
    <Description>Dies sind die standardmäßigen Testeinstellungen für einen lokalen Testlauf.</Description>
    <Deployment enabled="false" runDeploymentRoot="Andy_ANDY-PC 2012-06-22 20_38_31">
      <DeploymentItem filename="E:\Git\Schule\GeldVerleih\Geldverleih\packages\RhinoMocks.3.6.1\lib\net\Rhino.Mocks.dll" />
      <DeploymentItem filename="E:\Git\Schule\Geldverleih\Geldverleih\Geldverleih.Unity\bin\Debug\Geldverleih.Unity.dll" />
      <DeploymentItem filename="E:\Git\Schule\GeldVerleih\Geldverleih\Geldverleih.Tests\bin\Debug\Microsoft.Practices.Unity.dll" />
      <DeploymentItem filename="E:\Git\Schule\Geldverleih\Geldverleih\Geldverleih.UI\bin\Debug\Geldverleih.UI.exe" />
      <DeploymentItem filename="E:\Git\Schule\Geldverleih\Geldverleih\Geldverleih.UI.Logik\bin\Debug\Geldverleih.UI.Logik.dll" />
      <DeploymentItem filename="E:\Git\Schule\Geldverleih\Geldverleih\Geldverleih.Service\bin\Debug\Geldverleih.Service.dll" />
      <DeploymentItem filename="E:\Git\Schule\Geldverleih\Geldverleih\Geldverleih\bin\Debug\Geldverleih.Repository.dll" />
      <DeploymentItem filename="E:\Git\Schule\Geldverleih\Geldverleih\Geldverleih.Domain\bin\Debug\Geldverleih.Domain.dll" />
    </Deployment>
    <Execution>
      <TestTypeSpecific />
      <AgentRule name="Execution Agents">
      </AgentRule>
    </Execution>
  </TestSettings>
  <Times creation="2012-06-22T20:38:31.1339397+02:00" queuing="2012-06-22T20:38:31.7779765+02:00" start="2012-06-22T20:38:31.8389800+02:00" finish="2012-06-22T20:38:32.5600213+02:00" />
  <ResultSummary outcome="Completed">
    <Counters total="1" executed="1" passed="1" error="0" failed="0" timeout="0" aborted="0" inconclusive="0" passedButRunAborted="0" notRunnable="0" notExecuted="0" disconnected="0" warning="0" completed="0" inProgress="0" pending="0" />
  </ResultSummary>
  <TestDefinitions>
    <UnitTest name="RueckgabeWirdInsRepositoryGeschrieben" storage="e:\git\schule\geldverleih\geldverleih\geldverleih.tests\bin\debug\geldverleih.tests.dll" id="68db84d8-8645-e225-dbf9-647bd947b8c1">
      <Execution id="135f07c7-171d-4ea3-b224-659f8237b39f" />
      <TestMethod codeBase="E:/Git/Schule/GeldVerleih/Geldverleih/Geldverleih.Tests/bin/Debug/Geldverleih.Tests.DLL" adapterTypeName="Microsoft.VisualStudio.TestTools.TestTypes.Unit.UnitTestAdapter, Microsoft.VisualStudio.QualityTools.Tips.UnitTest.Adapter, Version=10.0.0.0, Culture=neutral, PublicKeyToken=b03f5f7f11d50a3a" className="Geldverleih.Tests.BankserviceTest, Geldverleih.Tests, Version=1.0.0.0, Culture=neutral, PublicKeyToken=null" name="RueckgabeWirdInsRepositoryGeschrieben" />
    </UnitTest>
  </TestDefinitions>
  <TestLists>
    <TestList name="Nicht in einer Liste enthaltene Ergebnisse" id="8c84fa94-04c1-424b-9868-57a2d4851a1d" />
    <TestList name="Alle geladenen Ergebnisse" id="19431567-8539-422a-85d7-44ee4e166bda" />
  </TestLists>
  <TestEntries>
    <TestEntry testId="68db84d8-8645-e225-dbf9-647bd947b8c1" executionId="135f07c7-171d-4ea3-b224-659f8237b39f" testListId="8c84fa94-04c1-424b-9868-57a2d4851a1d" />
  </TestEntries>
  <Results>
    <UnitTestResult executionId="135f07c7-171d-4ea3-b224-659f8237b39f" testId="68db84d8-8645-e225-dbf9-647bd947b8c1" testName="RueckgabeWirdInsRepositoryGeschrieben" computerName="ANDY-PC" duration="00:00:00.2797661" startTime="2012-06-22T20:38:31.8549809+02:00" endTime="2012-06-22T20:38:32.4610156+02:00" testType="13cdc9d9-ddb5-4fa4-a97d-d965ccfc6d4b" outcome="Passed" testListId="8c84fa94-04c1-424b-9868-57a2d4851a1d" relativeResultsDirectory="135f07c7-171d-4ea3-b224-659f8237b39f">
    </UnitTestResult>
  </Results>
</TestRun>